

Microchip MPLAB XC8 Assembler V2.31 build 20201012212115 
                                                                                               Sun May 02 20:29:21 2021

Microchip MPLAB XC8 C Compiler v2.31 (Free license) build 20201012212115 Og1 
     1                           	processor	16F887
     2                           	pagewidth 120
     3                           	opt	flic
     4                           	psect	cinit,global,class=CODE,merge=1,delta=2
     5                           	psect	cstackCOMMON,global,class=COMMON,space=1,delta=1,noexec
     6                           	psect	maintext,global,class=CODE,split=1,delta=2
     7                           	psect	text1,local,class=CODE,merge=1,delta=2
     8                           	psect	text2,local,class=CODE,merge=1,delta=2
     9                           	psect	intentry,global,class=CODE,delta=2
    10                           	psect	config,global,abs,ovrld,class=CONFIG,space=4,delta=2,noexec
    11                           	dabs	1,0x7E,2
    12  0000                     
    13                           ; Version 2.20
    14                           ; Generated 12/02/2020 GMT
    15                           ; 
    16                           ; Copyright © 2020, Microchip Technology Inc. and its subsidiaries ("Microchip")
    17                           ; All rights reserved.
    18                           ; 
    19                           ; This software is developed by Microchip Technology Inc. and its subsidiaries ("Microch
      +                          ip").
    20                           ; 
    21                           ; Redistribution and use in source and binary forms, with or without modification, are
    22                           ; permitted provided that the following conditions are met:
    23                           ; 
    24                           ;     1. Redistributions of source code must retain the above copyright notice, this lis
      +                          t of
    25                           ;        conditions and the following disclaimer.
    26                           ; 
    27                           ;     2. Redistributions in binary form must reproduce the above copyright notice, this 
      +                          list
    28                           ;        of conditions and the following disclaimer in the documentation and/or other
    29                           ;        materials provided with the distribution.
    30                           ; 
    31                           ;     3. Microchip's name may not be used to endorse or promote products derived from th
      +                          is
    32                           ;        software without specific prior written permission.
    33                           ; 
    34                           ; THIS SOFTWARE IS PROVIDED BY MICROCHIP "AS IS" AND ANY EXPRESS OR IMPLIED WARRANTIES,
    35                           ; INCLUDING, BUT NOT LIMITED TO, THE IMPLIED WARRANTIES OF MERCHANTABILITY AND FITNESS F
      +                          OR
    36                           ; PURPOSE ARE DISCLAIMED.  IN NO EVENT SHALL MICROCHIP BE LIABLE FOR ANY DIRECT, INDIREC
      +                          T,
    37                           ; INCIDENTAL, SPECIAL, EXEMPLARY, OR CONSEQUENTIAL DAMAGES (INCLUDING BUT NOT LIMITED TO
    38                           ; PROCUREMENT OF SUBSTITUTE GOODS OR SERVICES; LOSS OF USE, DATA OR PROFITS; OR BUSINESS
    39                           ; INTERRUPTION) HOWSOEVER CAUSED AND ON ANY THEORY OF LIABILITY, WHETHER IN CONTRACT, ST
      +                          RICT
    40                           ; LIABILITY, OR TORT (INCLUDING NEGLIGENCE OR OTHERWISE) ARISING IN ANY WAY OUT OF THE U
      +                          SE OF
    41                           ; THIS SOFTWARE, EVEN IF ADVISED OF THE POSSIBILITY OF SUCH DAMAGE.
    42                           ; 
    43                           ; 
    44                           ; Code-generator required, PIC16F887 Definitions
    45                           ; 
    46                           ; SFR Addresses
    47  0000                     	;# 
    48  0001                     	;# 
    49  0002                     	;# 
    50  0003                     	;# 
    51  0004                     	;# 
    52  0005                     	;# 
    53  0006                     	;# 
    54  0007                     	;# 
    55  0008                     	;# 
    56  0009                     	;# 
    57  000A                     	;# 
    58  000B                     	;# 
    59  000C                     	;# 
    60  000D                     	;# 
    61  000E                     	;# 
    62  000E                     	;# 
    63  000F                     	;# 
    64  0010                     	;# 
    65  0011                     	;# 
    66  0012                     	;# 
    67  0013                     	;# 
    68  0014                     	;# 
    69  0015                     	;# 
    70  0015                     	;# 
    71  0016                     	;# 
    72  0017                     	;# 
    73  0018                     	;# 
    74  0019                     	;# 
    75  001A                     	;# 
    76  001B                     	;# 
    77  001B                     	;# 
    78  001C                     	;# 
    79  001D                     	;# 
    80  001E                     	;# 
    81  001F                     	;# 
    82  0081                     	;# 
    83  0085                     	;# 
    84  0086                     	;# 
    85  0087                     	;# 
    86  0088                     	;# 
    87  0089                     	;# 
    88  008C                     	;# 
    89  008D                     	;# 
    90  008E                     	;# 
    91  008F                     	;# 
    92  0090                     	;# 
    93  0091                     	;# 
    94  0092                     	;# 
    95  0093                     	;# 
    96  0093                     	;# 
    97  0093                     	;# 
    98  0094                     	;# 
    99  0095                     	;# 
   100  0096                     	;# 
   101  0097                     	;# 
   102  0098                     	;# 
   103  0099                     	;# 
   104  009A                     	;# 
   105  009B                     	;# 
   106  009C                     	;# 
   107  009D                     	;# 
   108  009E                     	;# 
   109  009F                     	;# 
   110  0105                     	;# 
   111  0107                     	;# 
   112  0108                     	;# 
   113  0109                     	;# 
   114  010C                     	;# 
   115  010C                     	;# 
   116  010D                     	;# 
   117  010E                     	;# 
   118  010F                     	;# 
   119  0185                     	;# 
   120  0187                     	;# 
   121  0188                     	;# 
   122  0189                     	;# 
   123  018C                     	;# 
   124  018D                     	;# 
   125  0000                     	;# 
   126  0001                     	;# 
   127  0002                     	;# 
   128  0003                     	;# 
   129  0004                     	;# 
   130  0005                     	;# 
   131  0006                     	;# 
   132  0007                     	;# 
   133  0008                     	;# 
   134  0009                     	;# 
   135  000A                     	;# 
   136  000B                     	;# 
   137  000C                     	;# 
   138  000D                     	;# 
   139  000E                     	;# 
   140  000E                     	;# 
   141  000F                     	;# 
   142  0010                     	;# 
   143  0011                     	;# 
   144  0012                     	;# 
   145  0013                     	;# 
   146  0014                     	;# 
   147  0015                     	;# 
   148  0015                     	;# 
   149  0016                     	;# 
   150  0017                     	;# 
   151  0018                     	;# 
   152  0019                     	;# 
   153  001A                     	;# 
   154  001B                     	;# 
   155  001B                     	;# 
   156  001C                     	;# 
   157  001D                     	;# 
   158  001E                     	;# 
   159  001F                     	;# 
   160  0081                     	;# 
   161  0085                     	;# 
   162  0086                     	;# 
   163  0087                     	;# 
   164  0088                     	;# 
   165  0089                     	;# 
   166  008C                     	;# 
   167  008D                     	;# 
   168  008E                     	;# 
   169  008F                     	;# 
   170  0090                     	;# 
   171  0091                     	;# 
   172  0092                     	;# 
   173  0093                     	;# 
   174  0093                     	;# 
   175  0093                     	;# 
   176  0094                     	;# 
   177  0095                     	;# 
   178  0096                     	;# 
   179  0097                     	;# 
   180  0098                     	;# 
   181  0099                     	;# 
   182  009A                     	;# 
   183  009B                     	;# 
   184  009C                     	;# 
   185  009D                     	;# 
   186  009E                     	;# 
   187  009F                     	;# 
   188  0105                     	;# 
   189  0107                     	;# 
   190  0108                     	;# 
   191  0109                     	;# 
   192  010C                     	;# 
   193  010C                     	;# 
   194  010D                     	;# 
   195  010E                     	;# 
   196  010F                     	;# 
   197  0185                     	;# 
   198  0187                     	;# 
   199  0188                     	;# 
   200  0189                     	;# 
   201  018C                     	;# 
   202  018D                     	;# 
   203  000B                     _INTCONbits	set	11
   204  0012                     _T2CONbits	set	18
   205  001D                     _CCP2CONbits	set	29
   206  0017                     _CCP1CONbits	set	23
   207  0007                     _PORTC	set	7
   208  0005                     _PORTA	set	5
   209  001B                     _CCPR2L	set	27
   210  001E                     _ADRESH	set	30
   211  0015                     _CCPR1L	set	21
   212  001F                     _ADCON0bits	set	31
   213  000C                     _PIR1bits	set	12
   214  008C                     _PIE1bits	set	140
   215  0092                     _PR2	set	146
   216  0087                     _TRISCbits	set	135
   217  009F                     _ADCON1bits	set	159
   218  0087                     _TRISC	set	135
   219  0085                     _TRISAbits	set	133
   220  008F                     _OSCCONbits	set	143
   221  0189                     _ANSELH	set	393
   222  0188                     _ANSEL	set	392
   223                           
   224                           	psect	cinit
   225  000F                     start_initialization:	
   226                           ; #config settings
   227                           
   228  000F                     __initialization:
   229  000F                     end_of_initialization:	
   230                           ;End of C runtime variable initialization code
   231                           
   232  000F                     __end_of__initialization:
   233  000F  0183               	clrf	3
   234  0010  120A  118A  2894   	ljmp	_main	;jump to C main() function
   235                           
   236                           	psect	cstackCOMMON
   237  0070                     __pcstackCOMMON:
   238  0070                     ?_setup:
   239  0070                     ?_isr:	
   240                           ; 1 bytes @ 0x0
   241                           
   242  0070                     ??_isr:	
   243                           ; 1 bytes @ 0x0
   244                           
   245  0070                     ?_main:	
   246                           ; 1 bytes @ 0x0
   247                           
   248                           
   249                           ; 1 bytes @ 0x0
   250  0070                     	ds	3
   251  0073                     ??_setup:
   252                           
   253                           ; 1 bytes @ 0x3
   254  0073                     	ds	1
   255  0074                     ??_main:
   256                           
   257                           ; 1 bytes @ 0x4
   258  0074                     	ds	1
   259                           
   260                           	psect	maintext
   261  0094                     __pmaintext:	
   262 ;;
   263 ;;Main: autosize = 0, tempsize = 1, incstack = 0, save=0
   264 ;;
   265 ;; *************** function _main *****************
   266 ;; Defined at:
   267 ;;		line 50 in file "main09.c"
   268 ;; Parameters:    Size  Location     Type
   269 ;;		None
   270 ;; Auto vars:     Size  Location     Type
   271 ;;		None
   272 ;; Return value:  Size  Location     Type
   273 ;;                  1    wreg      void 
   274 ;; Registers used:
   275 ;;		wreg, status,2, status,0, pclath, cstack
   276 ;; Tracked objects:
   277 ;;		On entry : B00/0
   278 ;;		On exit  : 0/0
   279 ;;		Unchanged: 0/0
   280 ;; Data sizes:     COMMON   BANK0   BANK1   BANK3   BANK2
   281 ;;      Params:         0       0       0       0       0
   282 ;;      Locals:         0       0       0       0       0
   283 ;;      Temps:          1       0       0       0       0
   284 ;;      Totals:         1       0       0       0       0
   285 ;;Total ram usage:        1 bytes
   286 ;; Hardware stack levels required when called:    2
   287 ;; This function calls:
   288 ;;		_setup
   289 ;; This function is called by:
   290 ;;		Startup code after reset
   291 ;; This function uses a non-reentrant model
   292 ;;
   293                           
   294                           
   295                           ;psect for function _main
   296  0094                     _main:
   297  0094                     l722:	
   298                           ;incstack = 0
   299                           ; Regs used in _main: [wreg+status,2+status,0+pclath+cstack]
   300                           
   301                           
   302                           ;main09.c: 53:     setup();
   303  0094  120A  118A  2013  120A  118A  	fcall	_setup
   304  0099                     l724:
   305                           
   306                           ;main09.c: 54:     ADCON0bits.GO = 1;
   307  0099  1283               	bcf	3,5	;RP0=0, select bank0
   308  009A  1303               	bcf	3,6	;RP1=0, select bank0
   309  009B  149F               	bsf	31,1	;volatile
   310  009C                     l726:
   311                           
   312                           ;main09.c: 57:     {;main09.c: 58:         if (ADCON0bits.GO == 0)
   313  009C  189F               	btfsc	31,1	;volatile
   314  009D  289F               	goto	u51
   315  009E  28A0               	goto	u50
   316  009F                     u51:
   317  009F  289C               	goto	l726
   318  00A0                     u50:
   319  00A0                     l728:
   320                           
   321                           ;main09.c: 59:         {;main09.c: 60:             if(ADCON0bits.CHS == 1){
   322  00A0  0C1F               	rrf	31,w	;volatile
   323  00A1  00F4               	movwf	??_main
   324  00A2  0C74               	rrf	??_main,w
   325  00A3  390F               	andlw	15
   326  00A4  3A01               	xorlw	1
   327  00A5  1D03               	skipz
   328  00A6  28A8               	goto	u61
   329  00A7  28A9               	goto	u60
   330  00A8                     u61:
   331  00A8  28AC               	goto	l732
   332  00A9                     u60:
   333  00A9                     l730:
   334                           
   335                           ;main09.c: 61:                 ADCON0bits.CHS = 0;
   336  00A9  30C3               	movlw	-61
   337  00AA  059F               	andwf	31,f	;volatile
   338                           
   339                           ;main09.c: 62:             }
   340  00AB  28B0               	goto	l734
   341  00AC                     l732:
   342                           
   343                           ;main09.c: 64:                 ADCON0bits.CHS = 1;}
   344  00AC  081F               	movf	31,w	;volatile
   345  00AD  39C3               	andlw	-61
   346  00AE  3804               	iorlw	4
   347  00AF  009F               	movwf	31	;volatile
   348  00B0                     l734:
   349                           
   350                           ;main09.c: 65:             _delay((unsigned long)((50)*(8000000/4000000.0)));
   351  00B0  3021               	movlw	33
   352  00B1  00F4               	movwf	??_main
   353  00B2                     u77:
   354  00B2  0BF4               	decfsz	??_main,f
   355  00B3  28B2               	goto	u77
   356  00B4                     l736:
   357                           
   358                           ;main09.c: 66:             ADCON0bits.GO = 1;
   359  00B4  1283               	bcf	3,5	;RP0=0, select bank0
   360  00B5  1303               	bcf	3,6	;RP1=0, select bank0
   361  00B6  149F               	bsf	31,1	;volatile
   362  00B7  289C               	goto	l726
   363  00B8  120A  118A  280C   	ljmp	start
   364  00BB                     __end_of_main:
   365                           
   366                           	psect	text1
   367  0013                     __ptext1:	
   368 ;; *************** function _setup *****************
   369 ;; Defined at:
   370 ;;		line 73 in file "main09.c"
   371 ;; Parameters:    Size  Location     Type
   372 ;;		None
   373 ;; Auto vars:     Size  Location     Type
   374 ;;		None
   375 ;; Return value:  Size  Location     Type
   376 ;;                  1    wreg      void 
   377 ;; Registers used:
   378 ;;		wreg, status,2, status,0
   379 ;; Tracked objects:
   380 ;;		On entry : 0/0
   381 ;;		On exit  : 0/0
   382 ;;		Unchanged: 0/0
   383 ;; Data sizes:     COMMON   BANK0   BANK1   BANK3   BANK2
   384 ;;      Params:         0       0       0       0       0
   385 ;;      Locals:         0       0       0       0       0
   386 ;;      Temps:          1       0       0       0       0
   387 ;;      Totals:         1       0       0       0       0
   388 ;;Total ram usage:        1 bytes
   389 ;; Hardware stack levels used:    1
   390 ;; Hardware stack levels required when called:    1
   391 ;; This function calls:
   392 ;;		Nothing
   393 ;; This function is called by:
   394 ;;		_main
   395 ;; This function uses a non-reentrant model
   396 ;;
   397                           
   398                           
   399                           ;psect for function _setup
   400  0013                     _setup:
   401  0013                     l662:	
   402                           ;incstack = 0
   403                           ; Regs used in _setup: [wreg+status,2+status,0]
   404                           
   405                           
   406                           ;main09.c: 75:     OSCCONbits.IRCF2 = 1;
   407  0013  1683               	bsf	3,5	;RP0=1, select bank1
   408  0014  1303               	bcf	3,6	;RP1=0, select bank1
   409  0015  170F               	bsf	15,6	;volatile
   410                           
   411                           ;main09.c: 76:     OSCCONbits.IRCF1 = 1;
   412  0016  168F               	bsf	15,5	;volatile
   413                           
   414                           ;main09.c: 77:     OSCCONbits.IRCF0 = 1;
   415  0017  160F               	bsf	15,4	;volatile
   416                           
   417                           ;main09.c: 78:     OSCCONbits.SCS = 1;
   418  0018  140F               	bsf	15,0	;volatile
   419  0019                     l664:
   420                           
   421                           ;main09.c: 81:     ANSEL = 0b00000011;
   422  0019  3003               	movlw	3
   423  001A  1683               	bsf	3,5	;RP0=1, select bank3
   424  001B  1703               	bsf	3,6	;RP1=1, select bank3
   425  001C  0088               	movwf	8	;volatile
   426  001D                     l666:
   427                           
   428                           ;main09.c: 82:     ANSELH = 0;
   429  001D  0189               	clrf	9	;volatile
   430  001E                     l668:
   431                           
   432                           ;main09.c: 85:     TRISAbits.TRISA0 = 1;
   433  001E  1683               	bsf	3,5	;RP0=1, select bank1
   434  001F  1303               	bcf	3,6	;RP1=0, select bank1
   435  0020  1405               	bsf	5,0	;volatile
   436  0021                     l670:
   437                           
   438                           ;main09.c: 86:     TRISAbits.TRISA1 = 1;
   439  0021  1485               	bsf	5,1	;volatile
   440  0022                     l672:
   441                           
   442                           ;main09.c: 87:     TRISC = 0x00;
   443  0022  0187               	clrf	7	;volatile
   444  0023                     l674:
   445                           
   446                           ;main09.c: 90:     PORTA = 0x00;
   447  0023  1283               	bcf	3,5	;RP0=0, select bank0
   448  0024  1303               	bcf	3,6	;RP1=0, select bank0
   449  0025  0185               	clrf	5	;volatile
   450  0026                     l676:
   451                           
   452                           ;main09.c: 91:     PORTC = 0x00;
   453  0026  0187               	clrf	7	;volatile
   454  0027                     l678:
   455                           
   456                           ;main09.c: 94:     ADCON1bits.ADFM = 0;
   457  0027  1683               	bsf	3,5	;RP0=1, select bank1
   458  0028  1303               	bcf	3,6	;RP1=0, select bank1
   459  0029  139F               	bcf	31,7	;volatile
   460  002A                     l680:
   461                           
   462                           ;main09.c: 95:     ADCON1bits.VCFG0 = 0;
   463  002A  121F               	bcf	31,4	;volatile
   464  002B                     l682:
   465                           
   466                           ;main09.c: 96:     ADCON1bits.VCFG1 = 0;
   467  002B  129F               	bcf	31,5	;volatile
   468  002C                     l684:
   469                           
   470                           ;main09.c: 98:     ADCON0bits.ADCS = 0b10;
   471  002C  1283               	bcf	3,5	;RP0=0, select bank0
   472  002D  1303               	bcf	3,6	;RP1=0, select bank0
   473  002E  081F               	movf	31,w	;volatile
   474  002F  393F               	andlw	-193
   475  0030  3880               	iorlw	128
   476  0031  009F               	movwf	31	;volatile
   477  0032                     l686:
   478                           
   479                           ;main09.c: 99:     ADCON0bits.ADON = 1;
   480  0032  141F               	bsf	31,0	;volatile
   481  0033                     l688:
   482                           
   483                           ;main09.c: 100:     ADCON0bits.CHS = 0;
   484  0033  30C3               	movlw	-61
   485  0034  059F               	andwf	31,f	;volatile
   486                           
   487                           ;main09.c: 101:     _delay((unsigned long)((50)*(8000000/4000000.0)));
   488  0035  3021               	movlw	33
   489  0036  00F3               	movwf	??_setup
   490  0037                     u87:
   491  0037  0BF3               	decfsz	??_setup,f
   492  0038  2837               	goto	u87
   493  0039                     l690:
   494                           
   495                           ;main09.c: 104:     TRISCbits.TRISC2 = 1;
   496  0039  1683               	bsf	3,5	;RP0=1, select bank1
   497  003A  1303               	bcf	3,6	;RP1=0, select bank1
   498  003B  1507               	bsf	7,2	;volatile
   499  003C                     l692:
   500                           
   501                           ;main09.c: 105:     TRISCbits.TRISC1 = 1;
   502  003C  1487               	bsf	7,1	;volatile
   503                           
   504                           ;main09.c: 106:     PR2 = 250;
   505  003D  30FA               	movlw	250
   506  003E  0092               	movwf	18	;volatile
   507  003F                     l694:
   508                           
   509                           ;main09.c: 107:     CCP1CONbits.P1M = 0;
   510  003F  303F               	movlw	-193
   511  0040  1283               	bcf	3,5	;RP0=0, select bank0
   512  0041  1303               	bcf	3,6	;RP1=0, select bank0
   513  0042  0597               	andwf	23,f	;volatile
   514  0043                     l696:
   515                           
   516                           ;main09.c: 108:     CCP1CONbits.CCP1M = 0b1100;
   517  0043  0817               	movf	23,w	;volatile
   518  0044  39F0               	andlw	-16
   519  0045  380C               	iorlw	12
   520  0046  0097               	movwf	23	;volatile
   521                           
   522                           ;main09.c: 109:     CCPR1L = 0x0f;
   523  0047  300F               	movlw	15
   524  0048  0095               	movwf	21	;volatile
   525  0049                     l698:
   526                           
   527                           ;main09.c: 110:     CCP2CONbits.CCP2M = 0b1100;
   528  0049  081D               	movf	29,w	;volatile
   529  004A  39F0               	andlw	-16
   530  004B  380C               	iorlw	12
   531  004C  009D               	movwf	29	;volatile
   532  004D                     l700:
   533                           
   534                           ;main09.c: 111:     CCPR2L = 0x0f;
   535  004D  300F               	movlw	15
   536  004E  009B               	movwf	27	;volatile
   537                           
   538                           ;main09.c: 113:     CCP1CONbits.DC1B = 0;
   539  004F  30CF               	movlw	-49
   540  0050  0597               	andwf	23,f	;volatile
   541  0051                     l702:
   542                           
   543                           ;main09.c: 114:     CCP2CONbits.DC2B0 = 0;
   544  0051  121D               	bcf	29,4	;volatile
   545  0052                     l704:
   546                           
   547                           ;main09.c: 115:     CCP2CONbits.DC2B1 = 0;
   548  0052  129D               	bcf	29,5	;volatile
   549  0053                     l706:
   550                           
   551                           ;main09.c: 118:     PIR1bits.TMR2IF = 0;
   552  0053  108C               	bcf	12,1	;volatile
   553                           
   554                           ;main09.c: 119:     T2CONbits.T2CKPS = 0b11;
   555  0054  3003               	movlw	3
   556  0055  0492               	iorwf	18,f	;volatile
   557  0056                     l708:
   558                           
   559                           ;main09.c: 120:     T2CONbits.TMR2ON = 1;
   560  0056  1512               	bsf	18,2	;volatile
   561  0057                     l67:	
   562                           ;main09.c: 122:     while(PIR1bits.TMR2IF == 0);
   563                           
   564  0057  1C8C               	btfss	12,1	;volatile
   565  0058  285A               	goto	u11
   566  0059  285B               	goto	u10
   567  005A                     u11:
   568  005A  2857               	goto	l67
   569  005B                     u10:
   570  005B                     l69:
   571                           
   572                           ;main09.c: 123:     PIR1bits.TMR2IF = 0;
   573  005B  108C               	bcf	12,1	;volatile
   574                           
   575                           ;main09.c: 124:     TRISCbits.TRISC2 = 0;
   576  005C  1683               	bsf	3,5	;RP0=1, select bank1
   577  005D  1303               	bcf	3,6	;RP1=0, select bank1
   578  005E  1107               	bcf	7,2	;volatile
   579                           
   580                           ;main09.c: 125:     TRISCbits.TRISC1 = 0;
   581  005F  1087               	bcf	7,1	;volatile
   582                           
   583                           ;main09.c: 128:     INTCONbits.GIE = 1;
   584  0060  178B               	bsf	11,7	;volatile
   585                           
   586                           ;main09.c: 129:     INTCONbits.PEIE = 1;
   587  0061  170B               	bsf	11,6	;volatile
   588                           
   589                           ;main09.c: 130:     PIE1bits.ADIE = 1;
   590  0062  170C               	bsf	12,6	;volatile
   591                           
   592                           ;main09.c: 131:     PIR1bits.ADIF = 0;
   593  0063  1283               	bcf	3,5	;RP0=0, select bank0
   594  0064  1303               	bcf	3,6	;RP1=0, select bank0
   595  0065  130C               	bcf	12,6	;volatile
   596  0066                     l70:	
   597                           ;main09.c: 133:     return;
   598                           
   599  0066  0008               	return
   600  0067                     __end_of_setup:
   601                           
   602                           	psect	text2
   603  0067                     __ptext2:	
   604 ;; *************** function _isr *****************
   605 ;; Defined at:
   606 ;;		line 37 in file "main09.c"
   607 ;; Parameters:    Size  Location     Type
   608 ;;		None
   609 ;; Auto vars:     Size  Location     Type
   610 ;;		None
   611 ;; Return value:  Size  Location     Type
   612 ;;                  1    wreg      void 
   613 ;; Registers used:
   614 ;;		wreg, status,2, status,0
   615 ;; Tracked objects:
   616 ;;		On entry : 0/0
   617 ;;		On exit  : 0/0
   618 ;;		Unchanged: 0/0
   619 ;; Data sizes:     COMMON   BANK0   BANK1   BANK3   BANK2
   620 ;;      Params:         0       0       0       0       0
   621 ;;      Locals:         0       0       0       0       0
   622 ;;      Temps:          3       0       0       0       0
   623 ;;      Totals:         3       0       0       0       0
   624 ;;Total ram usage:        3 bytes
   625 ;; Hardware stack levels used:    1
   626 ;; This function calls:
   627 ;;		Nothing
   628 ;; This function is called by:
   629 ;;		Interrupt level 1
   630 ;; This function uses a non-reentrant model
   631 ;;
   632                           
   633                           
   634                           ;psect for function _isr
   635  0067                     _isr:
   636  0067                     i1l710:
   637                           
   638                           ;main09.c: 39:     if(PIR1bits.ADIF == 1)
   639  0067  1283               	bcf	3,5	;RP0=0, select bank0
   640  0068  1303               	bcf	3,6	;RP1=0, select bank0
   641  0069  1F0C               	btfss	12,6	;volatile
   642  006A  286C               	goto	u2_21
   643  006B  286D               	goto	u2_20
   644  006C                     u2_21:
   645  006C  288D               	goto	i1l53
   646  006D                     u2_20:
   647  006D                     i1l712:
   648                           
   649                           ;main09.c: 40:        {;main09.c: 41:         if(ADCON0bits.CHS == 0){
   650  006D  0C1F               	rrf	31,w	;volatile
   651  006E  00F0               	movwf	??_isr
   652  006F  0C70               	rrf	??_isr,w
   653  0070  390F               	andlw	15
   654  0071  3A00               	xorlw	0
   655  0072  1D03               	skipz
   656  0073  2875               	goto	u3_21
   657  0074  2876               	goto	u3_20
   658  0075                     u3_21:
   659  0075  287D               	goto	i1l716
   660  0076                     u3_20:
   661  0076                     i1l714:
   662                           
   663                           ;main09.c: 42:             CCPR1L = (ADRESH >> 1) + 124;
   664  0076  081E               	movf	30,w	;volatile
   665  0077  00F0               	movwf	??_isr
   666  0078  1003               	clrc
   667  0079  0C70               	rrf	??_isr,w
   668  007A  3E7C               	addlw	124
   669  007B  0095               	movwf	21	;volatile
   670                           
   671                           ;main09.c: 43:         }
   672  007C  288C               	goto	i1l720
   673  007D                     i1l716:
   674  007D  0C1F               	rrf	31,w	;volatile
   675  007E  00F0               	movwf	??_isr
   676  007F  0C70               	rrf	??_isr,w
   677  0080  390F               	andlw	15
   678  0081  3A01               	xorlw	1
   679  0082  1D03               	skipz
   680  0083  2885               	goto	u4_21
   681  0084  2886               	goto	u4_20
   682  0085                     u4_21:
   683  0085  288C               	goto	i1l720
   684  0086                     u4_20:
   685  0086                     i1l718:
   686                           
   687                           ;main09.c: 45:             CCPR2L = (ADRESH >> 1) + 124;
   688  0086  081E               	movf	30,w	;volatile
   689  0087  00F0               	movwf	??_isr
   690  0088  1003               	clrc
   691  0089  0C70               	rrf	??_isr,w
   692  008A  3E7C               	addlw	124
   693  008B  009B               	movwf	27	;volatile
   694  008C                     i1l720:
   695                           
   696                           ;main09.c: 47:         PIR1bits.ADIF = 0;
   697  008C  130C               	bcf	12,6	;volatile
   698  008D                     i1l53:
   699  008D  0872               	movf	??_isr+2,w
   700  008E  008A               	movwf	10
   701  008F  0E71               	swapf	??_isr+1,w
   702  0090  0083               	movwf	3
   703  0091  0EFE               	swapf	btemp,f
   704  0092  0E7E               	swapf	btemp,w
   705  0093  0009               	retfie
   706  0094                     __end_of_isr:
   707  007E                     btemp	set	126	;btemp
   708  007E                     wtemp0	set	126
   709                           
   710                           	psect	intentry
   711  0004                     __pintentry:	
   712                           ;incstack = 0
   713                           ; Regs used in _isr: [wreg+status,2+status,0]
   714                           
   715  0004                     interrupt_function:
   716  007E                     saved_w	set	btemp
   717  0004  00FE               	movwf	btemp
   718  0005  0E03               	swapf	3,w
   719  0006  00F1               	movwf	??_isr+1
   720  0007  080A               	movf	10,w
   721  0008  00F2               	movwf	??_isr+2
   722  0009  120A  118A  2867   	ljmp	_isr
   723                           
   724                           	psect	config
   725                           
   726                           ;Config register CONFIG1 @ 0x2007
   727                           ;	Oscillator Selection bits
   728                           ;	FOSC = INTRC_NOCLKOUT, INTOSCIO oscillator: I/O function on RA6/OSC2/CLKOUT pin, I/O f
      +                          unction on RA7/OSC1/CLKIN
   729                           ;	Watchdog Timer Enable bit
   730                           ;	WDTE = OFF, WDT disabled and can be enabled by SWDTEN bit of the WDTCON register
   731                           ;	Power-up Timer Enable bit
   732                           ;	PWRTE = OFF, PWRT disabled
   733                           ;	RE3/MCLR pin function select bit
   734                           ;	MCLRE = OFF, RE3/MCLR pin function is digital input, MCLR internally tied to VDD
   735                           ;	Code Protection bit
   736                           ;	CP = OFF, Program memory code protection is disabled
   737                           ;	Data Code Protection bit
   738                           ;	CPD = OFF, Data memory code protection is disabled
   739                           ;	Brown Out Reset Selection bits
   740                           ;	BOREN = OFF, BOR disabled
   741                           ;	Internal External Switchover bit
   742                           ;	IESO = OFF, Internal/External Switchover mode is disabled
   743                           ;	Fail-Safe Clock Monitor Enabled bit
   744                           ;	FCMEN = ON, Fail-Safe Clock Monitor is enabled
   745                           ;	Low Voltage Programming Enable bit
   746                           ;	LVP = ON, RB3/PGM pin has PGM function, low voltage programming enabled
   747                           ;	In-Circuit Debugger Mode bit
   748                           ;	DEBUG = 0x1, unprogrammed default
   749  2007                     	org	8199
   750  2007  38D4               	dw	14548
   751                           
   752                           ;Config register CONFIG2 @ 0x2008
   753                           ;	Brown-out Reset Selection bit
   754                           ;	BOR4V = BOR40V, Brown-out Reset set to 4.0V
   755                           ;	Flash Program Memory Self Write Enable bits
   756                           ;	WRT = OFF, Write protection off
   757  2008                     	org	8200
   758  2008  3FFF               	dw	16383

Data Sizes:
    Strings     0
    Constant    0
    Data        0
    BSS         0
    Persistent  0
    Stack       0

Auto Spaces:
    Space          Size  Autos    Used
    COMMON           14      5       5
    BANK0            80      0       0
    BANK1            80      0       0
    BANK3            96      0       0
    BANK2            96      0       0

Pointer List with Targets:

    None.

Critical Paths under _main in COMMON

    _main->_setup

Critical Paths under _isr in COMMON

    None.

Critical Paths under _main in BANK0

    None.

Critical Paths under _isr in BANK0

    None.

Critical Paths under _main in BANK1

    None.

Critical Paths under _isr in BANK1

    None.

Critical Paths under _main in BANK3

    None.

Critical Paths under _isr in BANK3

    None.

Critical Paths under _main in BANK2

    None.

Critical Paths under _isr in BANK2

    None.

Call Graph Tables:

 ---------------------------------------------------------------------------------
 (Depth) Function   	        Calls       Base Space   Used Autos Params    Refs
 ---------------------------------------------------------------------------------
 (0) _main                                                 1     1      0       0
                                              4 COMMON     1     1      0
                              _setup
 ---------------------------------------------------------------------------------
 (1) _setup                                                1     1      0       0
                                              3 COMMON     1     1      0
 ---------------------------------------------------------------------------------
 Estimated maximum stack depth 1
 ---------------------------------------------------------------------------------
 (Depth) Function   	        Calls       Base Space   Used Autos Params    Refs
 ---------------------------------------------------------------------------------
 (2) _isr                                                  3     3      0       0
                                              0 COMMON     3     3      0
 ---------------------------------------------------------------------------------
 Estimated maximum stack depth 2
 ---------------------------------------------------------------------------------

 Call Graph Graphs:

 _main (ROOT)
   _setup

 _isr (ROOT)

 Address spaces:
Name               Size   Autos  Total    Cost      Usage
BITCOMMON            E      0       0       0        0.0%
EEDATA             100      0       0       0        0.0%
NULL                 0      0       0       0        0.0%
CODE                 0      0       0       0        0.0%
COMMON               E      5       5       1       35.7%
BITSFR0              0      0       0       1        0.0%
SFR0                 0      0       0       1        0.0%
BITSFR1              0      0       0       2        0.0%
SFR1                 0      0       0       2        0.0%
STACK                0      0       0       2        0.0%
ABS                  0      0       0       3        0.0%
BITBANK0            50      0       0       4        0.0%
BITSFR3              0      0       0       4        0.0%
SFR3                 0      0       0       4        0.0%
BANK0               50      0       0       5        0.0%
BITSFR2              0      0       0       5        0.0%
SFR2                 0      0       0       5        0.0%
BITBANK1            50      0       0       6        0.0%
BANK1               50      0       0       7        0.0%
BITBANK3            60      0       0       8        0.0%
BANK3               60      0       0       9        0.0%
BITBANK2            60      0       0      10        0.0%
BANK2               60      0       0      11        0.0%
DATA                 0      0       0      12        0.0%


Microchip Technology PIC Macro Assembler V2.31 build 20201012212115 
Symbol Table                                                                                   Sun May 02 20:29:21 2021

                     l70 0066                       l67 0057                       l69 005B  
                     u10 005B                       u11 005A                       u50 00A0  
                     u51 009F                       u60 00A9                       u61 00A8  
                     u77 00B2                       u87 0037                      l700 004D  
                    l702 0051                      l704 0052                      l706 0053  
                    l730 00A9                      l722 0094                      l708 0056  
                    l732 00AC                      l724 0099                      l670 0021  
                    l662 0013                      l734 00B0                      l726 009C  
                    l680 002A                      l672 0022                      l664 0019  
                    l736 00B4                      l728 00A0                      l690 0039  
                    l682 002B                      l674 0023                      l666 001D  
                    l692 003C                      l684 002C                      l676 0026  
                    l668 001E                      l694 003F                      l686 0032  
                    l678 0027                      l696 0043                      l688 0033  
                    l698 0049                      _PR2 0092                      _isr 0067  
                   ?_isr 0070                     i1l53 008D                     u2_20 006D  
                   u2_21 006C                     u3_20 0076                     u3_21 0075  
                   u4_20 0086                     u4_21 0085                     _main 0094  
                   btemp 007E                     start 000C                    ??_isr 0070  
                  ?_main 0070                    _ANSEL 0188                    i1l710 0067  
                  i1l720 008C                    i1l712 006D                    i1l714 0076  
                  i1l716 007D                    i1l718 0086                    _PORTA 0005  
                  _PORTC 0007                    _TRISC 0087                    _setup 0013  
                  pclath 000A                    status 0003                    wtemp0 007E  
        __initialization 000F             __end_of_main 00BB                   ??_main 0074  
                 _ADRESH 001E                   _CCPR1L 0015                   _CCPR2L 001B  
                 ?_setup 0070                   _ANSELH 0189                   saved_w 007E  
__end_of__initialization 000F           __pcstackCOMMON 0070            __end_of_setup 0067  
                ??_setup 0073               __pmaintext 0094               __pintentry 0004  
                __ptext1 0013                  __ptext2 0067                _T2CONbits 0012  
           __size_of_isr 002D     end_of_initialization 000F                _TRISAbits 0085  
              _TRISCbits 0087              _CCP1CONbits 0017              _CCP2CONbits 001D  
    start_initialization 000F              __end_of_isr 0094                ___latbits 0002  
         __size_of_setup 0054        interrupt_function 0004                 _PIE1bits 008C  
               _PIR1bits 000C               _ADCON0bits 001F               _ADCON1bits 009F  
          __size_of_main 0027               _INTCONbits 000B                 intlevel1 0000  
             _OSCCONbits 008F  
